 CEPEL - Centro de Pesquisas de Energia Elétrica
 Análise de Transitórios Eletromecânicos - ANATEM - Versão  12.4.0-x64                                                                                                    

 X---------------------------------------------------X
 | INFORMAÇÕES SOBRE CÓPIA DO PROGRAMA               |
 X---------------------------------------------------X
  VERSÃO : 12.4.0-Fev23
  LICENÇA: Academica
  EMPRESA: INSTITUTO DE ENERGIA E AMBIENTE
  SIGLA  : IEE-USP
  USUÁRIO: Pedro Torres
  RTL    : Alcantaro Lemes Rodrigues
  IP     : 172.18.4.4
  DATA   : 30/05/2023
  HORA   : 09:23:18
 

 DADOS DE ASSOCIAÇÃO DE ARQUIVOS DE ENTRADA E SAÍDA

 X------X------X--------------------------------------------------------------X
 | Tipo   Caso   Nome do Arquivo                                              |
 X------X------X--------------------------------------------------------------X
   OUT           .\SAIDAS\CASO_BASE.out
   LOG           .\SAIDAS\CASO_BASE.log
   PLT           .\SAIDAS\CASO_BASE.plt
   SAV     1     .\REDE\PADRAO_ONS.sav
   DAT           .\MODELOS\BESS_DADOS.dat
   DAT           .\MODELOS\BESS.dat
   DAT           .\COMPLEMENTARES\BESS_LOCAIS.dat
   BLT           .\MODELOS\SIS14B.blt
   DAT           .\MODELOS\DMAQ.dat
   DAT           .\COMPLEMENTARES\BESS_EVENTOS.dat
   DAT           .\COMPLEMENTARES\BESS_PLT.dat




 X-------------------X-------------X-------------------X-------------------X
 |             RELATÓRIO DE BLOCOS COM INICIALIZAÇÃO DUVIDOSA              |
 |    CONTROLADOR         BLOCO     VARIÁVEL DE ENTRADA  VARIÁVEL DE SAÍDA |
 |  NUM      NOME      NUM I  TIPO   NOME     VALOR      NOME     VALOR    |
 X------X------------X----X-X------X------X------------X------X------------X
      21 BESS_REEC      42   PROINT X41    -0.10000E+00 X42     0.00000E+00



CEPEL - CENTRO DE PESQUISAS DE ENERGIA ELÉTRICA  - ANATEM - v12.4.0-x64                                                                                                    

 CASO 1 - BESS STANDBY                                                           
 TESTE MODELO BESS WECC EM REDE TESTE DE 4 BARRAS                                


 ******* SIMULAÇÃO DO INSTANTE T=     0.0s  ATÉ O INSTANTE T=    30.0s *******


 T=  1.0000s TCDU - Variação de  0.00% + absoluta de  0.500 na
                    variável PLTPRF - CDU     22 BESS_REPC   

 T=  5.0000s TCDU - Variação de  0.00% + absoluta de  0.050 na
                    variável QREF   - CDU     22 BESS_REPC   

 T= 10.0000s APCB - Aplicou curto-circuito na barra     2 B2          

 T= 10.2000s RMCB - Removeu curto-circuito da barra     2 B2          

 Simulação do instante t= 0.0s até o instante t= 30.0s, com passo de dt= 1.0ms
 Opções ativadas: DLCC DLCA ANWT OTMX

 Tempo de CPU da simulação: 00:00:09.50
 Média de soluções de rede CA por passo:   1.61
 Média de soluções de modelo CA por passo:   1.30
 Média de iterações modelos CA - rede CA por passo:  1.30

 Estatísticas acumuladas da simulação até t= 30.0000s
 - Tempo total de simulação                     | 00:00:09.50
 |     0.09% Inicialização                      | 00:00:00.00
 |  -  8.82% Laço modelo CA - rede CA           | 00:00:00.83
 |  |  -  8.21% Modelos CA                      | 00:00:00.78
 |  |  |     1.35% Modelos de máquina síncrona  | 00:00:00.12
 |  |  |     5.96% Eólicas, fotovoltaicas e CNE | 00:00:00.56
 |  |  ->    0.89% Outros modelos CA            | 00:00:00.08
 |  ->    0.61% Rede CA                         | 00:00:00.05
 |  -  0.00% Laço modelo CC - rede CC           | 00:00:00.00
 |  |  -  0.00% Modelos CC                      | 00:00:00.00
 |  |  |     0.00% Modelos de elo CC            | 00:00:00.00
 |  |  ->    0.00% Modelos de conversores       | 00:00:00.00
 |  ->    0.00% Rede CC                         | 00:00:00.00
 |     0.17% Controle de proteções (Relés+ERAC) | 00:00:00.01
 ->   90.92% Processamento de I/O e DLCA        | 00:00:08.64

 X-------------------------------------------------X
 |         RELATÓRIO DE ESTATÍSTICA DE CDU         |
 |                    (PIORES)                     |
 |    Controlador            Soluções              |
 |  CDU     Nome do CDU     por passo   Severidade |
 X--------X---------------X-----------X------------X
       20    BESS_REGC         2.0658   *
       21    BESS_REEC         1.9432   *
       22    BESS_REPC         1.7658

 X------------------------------------------------------------X
 |             RELATÓRIO DE BLOCOS EM MALHAS INATIVAS         |
 |    CONTROLADOR                         BLOCO               |
 | Número   Nome do CDU     Número    Tipo    Subtipo Variável|
 X--------X---------------X--------X--------X--------X--------X
 Modo de relatório automático simplificado. Omitindo relação de blocos desligados

 Número de blocos desligados durante otimização:     43
